2021-04-29 17:44:56;INFO;

2021-04-29 17:44:56;INFO;====== WebDriver manager ======
2021-04-29 17:44:56;INFO;Current google-chrome version is 90.0.4430
2021-04-29 17:44:56;INFO;Get LATEST driver version for 90.0.4430
2021-04-29 17:44:58;INFO;Get LATEST driver version for 90.0.4430
2021-04-29 17:44:59;INFO;Trying to download new driver from https://chromedriver.storage.googleapis.com/90.0.4430.24/chromedriver_win32.zip
2021-04-29 17:45:04;INFO;Driver has been saved in cache [C:\Users\karti\.wdm\drivers\chromedriver\win32\90.0.4430.24]
2021-04-29 17:46:02;INFO;Login DDT successfully completed
2021-04-29 17:54:40;INFO;

2021-04-29 17:54:40;INFO;====== WebDriver manager ======
2021-04-29 17:54:40;INFO;Current google-chrome version is 90.0.4430
2021-04-29 17:54:40;INFO;Get LATEST driver version for 90.0.4430
2021-04-29 17:54:42;INFO;Driver [C:\Users\karti\.wdm\drivers\chromedriver\win32\90.0.4430.24\chromedriver.exe] found in cache
2021-04-29 17:55:24;INFO;Login DDT successfully completed
2021-04-29 17:58:36;INFO;

2021-04-29 17:58:36;INFO;====== WebDriver manager ======
2021-04-29 17:58:36;INFO;Current google-chrome version is 90.0.4430
2021-04-29 17:58:36;INFO;Get LATEST driver version for 90.0.4430
2021-04-29 17:58:37;INFO;Driver [C:\Users\karti\.wdm\drivers\chromedriver\win32\90.0.4430.24\chromedriver.exe] found in cache
2021-04-29 17:59:25;INFO;Login DDT successfully completed
2021-04-29 18:00:23;INFO;

2021-04-29 18:00:23;INFO;====== WebDriver manager ======
2021-04-29 18:00:23;INFO;Current google-chrome version is 90.0.4430
2021-04-29 18:00:23;INFO;Get LATEST driver version for 90.0.4430
2021-04-29 18:00:25;INFO;Driver [C:\Users\karti\.wdm\drivers\chromedriver\win32\90.0.4430.24\chromedriver.exe] found in cache
2021-04-29 18:01:03;ERROR;Login DDT failed
2021-04-29 18:27:24;INFO;

2021-04-29 18:27:24;INFO;====== WebDriver manager ======
2021-04-29 18:27:24;INFO;Current google-chrome version is 90.0.4430
2021-04-29 18:27:24;INFO;Get LATEST driver version for 90.0.4430
2021-04-29 18:27:26;INFO;Driver [C:\Users\karti\.wdm\drivers\chromedriver\win32\90.0.4430.24\chromedriver.exe] found in cache
2021-04-29 18:28:50;INFO;

2021-04-29 18:28:50;INFO;====== WebDriver manager ======
2021-04-29 18:28:50;INFO;Current google-chrome version is 90.0.4430
2021-04-29 18:28:50;INFO;Get LATEST driver version for 90.0.4430
2021-04-29 18:28:51;INFO;Driver [C:\Users\karti\.wdm\drivers\chromedriver\win32\90.0.4430.24\chromedriver.exe] found in cache
2021-04-29 18:29:44;INFO;Login DDT successfully completed
2021-05-11 11:23:09;INFO;Company added successfully
2021-05-11 11:24:28;INFO;

2021-05-11 11:24:28;INFO;====== WebDriver manager ======
2021-05-11 11:24:28;INFO;Current google-chrome version is 90.0.4430
2021-05-11 11:24:28;INFO;Get LATEST driver version for 90.0.4430
2021-05-11 11:24:29;INFO;Driver [C:\Users\karti\.wdm\drivers\chromedriver\win32\90.0.4430.24\chromedriver.exe] found in cache
2021-05-11 11:24:46;INFO;

2021-05-11 11:24:46;INFO;====== WebDriver manager ======
2021-05-11 11:24:46;INFO;Current google-chrome version is 90.0.4430
2021-05-11 11:24:46;INFO;Get LATEST driver version for 90.0.4430
2021-05-11 11:24:47;INFO;Driver [C:\Users\karti\.wdm\drivers\chromedriver\win32\90.0.4430.24\chromedriver.exe] found in cache
2021-05-11 11:25:39;INFO;Company added successfully
2021-05-11 11:25:48;ERROR;Company not added successfully
2021-05-11 11:27:22;INFO;Company added successfully
2021-05-12 18:22:18;INFO;

2021-05-12 18:22:18;INFO;====== WebDriver manager ======
2021-05-12 18:22:18;INFO;Current google-chrome version is 90.0.4430
2021-05-12 18:22:18;INFO;Get LATEST driver version for 90.0.4430
2021-05-12 18:22:19;INFO;Driver [C:\Users\karti\.wdm\drivers\chromedriver\win32\90.0.4430.24\chromedriver.exe] found in cache
2021-05-12 18:23:07;INFO;Project added successfully
2021-05-16 13:51:13;INFO;

2021-05-16 13:51:13;INFO;====== WebDriver manager ======
2021-05-16 13:51:13;INFO;Current google-chrome version is 90.0.4430
2021-05-16 13:51:13;INFO;Get LATEST driver version for 90.0.4430
2021-05-16 13:51:15;INFO;Get LATEST driver version for 90.0.4430
2021-05-16 13:51:16;INFO;Trying to download new driver from https://chromedriver.storage.googleapis.com/90.0.4430.24/chromedriver_win32.zip
2021-05-16 13:51:21;INFO;Driver has been saved in cache [C:\Users\karti\.wdm\drivers\chromedriver\win32\90.0.4430.24]
2021-05-16 13:54:16;INFO;

2021-05-16 13:54:16;INFO;====== WebDriver manager ======
2021-05-16 13:54:16;INFO;Current google-chrome version is 90.0.4430
2021-05-16 13:54:16;INFO;Get LATEST driver version for 90.0.4430
2021-05-16 13:54:18;INFO;Driver [C:\Users\karti\.wdm\drivers\chromedriver\win32\90.0.4430.24\chromedriver.exe] found in cache
2021-05-16 13:56:48;INFO;

2021-05-16 13:56:48;INFO;====== WebDriver manager ======
2021-05-16 13:56:48;INFO;Current google-chrome version is 90.0.4430
2021-05-16 13:56:48;INFO;Get LATEST driver version for 90.0.4430
2021-05-16 13:56:49;INFO;Driver [C:\Users\karti\.wdm\drivers\chromedriver\win32\90.0.4430.24\chromedriver.exe] found in cache
2021-05-16 13:59:31;INFO;

2021-05-16 13:59:31;INFO;====== WebDriver manager ======
2021-05-16 13:59:31;INFO;Current google-chrome version is 90.0.4430
2021-05-16 13:59:31;INFO;Get LATEST driver version for 90.0.4430
2021-05-16 13:59:32;INFO;Driver [C:\Users\karti\.wdm\drivers\chromedriver\win32\90.0.4430.24\chromedriver.exe] found in cache
2021-05-16 14:01:35;INFO;

2021-05-16 14:01:35;INFO;====== WebDriver manager ======
2021-05-16 14:01:35;INFO;Current google-chrome version is 90.0.4430
2021-05-16 14:01:35;INFO;Get LATEST driver version for 90.0.4430
2021-05-16 14:01:36;INFO;Driver [C:\Users\karti\.wdm\drivers\chromedriver\win32\90.0.4430.24\chromedriver.exe] found in cache
2021-05-16 14:03:42;INFO;

2021-05-16 14:03:42;INFO;====== WebDriver manager ======
2021-05-16 14:03:42;INFO;Current google-chrome version is 90.0.4430
2021-05-16 14:03:42;INFO;Get LATEST driver version for 90.0.4430
2021-05-16 14:03:43;INFO;Driver [C:\Users\karti\.wdm\drivers\chromedriver\win32\90.0.4430.24\chromedriver.exe] found in cache
2021-05-16 14:07:15;INFO;

2021-05-16 14:07:15;INFO;====== WebDriver manager ======
2021-05-16 14:07:15;INFO;Current google-chrome version is 90.0.4430
2021-05-16 14:07:15;INFO;Get LATEST driver version for 90.0.4430
2021-05-16 14:07:16;INFO;Driver [C:\Users\karti\.wdm\drivers\chromedriver\win32\90.0.4430.24\chromedriver.exe] found in cache
2021-05-16 14:08:23;ERROR;Line item not added successfully
2021-05-16 14:10:24;INFO;

2021-05-16 14:10:24;INFO;====== WebDriver manager ======
2021-05-16 14:10:24;INFO;Current google-chrome version is 90.0.4430
2021-05-16 14:10:24;INFO;Get LATEST driver version for 90.0.4430
2021-05-16 14:10:26;INFO;Driver [C:\Users\karti\.wdm\drivers\chromedriver\win32\90.0.4430.24\chromedriver.exe] found in cache
2021-05-16 14:11:00;INFO;Line item added successfully
2021-05-17 12:07:11;INFO;

2021-05-17 12:07:11;INFO;====== WebDriver manager ======
2021-05-17 12:07:11;INFO;Current google-chrome version is 90.0.4430
2021-05-17 12:07:11;INFO;Get LATEST driver version for 90.0.4430
2021-05-17 12:07:14;INFO;Get LATEST driver version for 90.0.4430
2021-05-17 12:07:15;INFO;Trying to download new driver from https://chromedriver.storage.googleapis.com/90.0.4430.24/chromedriver_win32.zip
2021-05-17 12:07:24;INFO;Driver has been saved in cache [C:\Users\karti\.wdm\drivers\chromedriver\win32\90.0.4430.24]
2021-05-17 12:09:22;INFO;

2021-05-17 12:09:22;INFO;====== WebDriver manager ======
2021-05-17 12:09:22;INFO;Current google-chrome version is 90.0.4430
2021-05-17 12:09:22;INFO;Get LATEST driver version for 90.0.4430
2021-05-17 12:09:27;INFO;Driver [C:\Users\karti\.wdm\drivers\chromedriver\win32\90.0.4430.24\chromedriver.exe] found in cache
2021-05-17 12:51:47;INFO;

2021-05-17 12:51:47;INFO;====== WebDriver manager ======
2021-05-17 12:51:47;INFO;Current google-chrome version is 90.0.4430
2021-05-17 12:51:47;INFO;Get LATEST driver version for 90.0.4430
2021-05-17 12:51:49;INFO;Driver [C:\Users\karti\.wdm\drivers\chromedriver\win32\90.0.4430.24\chromedriver.exe] found in cache
2021-05-17 13:20:01;INFO;

2021-05-17 13:20:01;INFO;====== WebDriver manager ======
2021-05-17 13:20:01;INFO;Current google-chrome version is 90.0.4430
2021-05-17 13:20:01;INFO;Get LATEST driver version for 90.0.4430
2021-05-17 13:20:03;INFO;Driver [C:\Users\karti\.wdm\drivers\chromedriver\win32\90.0.4430.24\chromedriver.exe] found in cache
2021-05-17 13:38:50;INFO;

2021-05-17 13:38:50;INFO;====== WebDriver manager ======
2021-05-17 13:38:50;INFO;Current google-chrome version is 90.0.4430
2021-05-17 13:38:50;INFO;Get LATEST driver version for 90.0.4430
2021-05-17 13:38:52;INFO;Driver [C:\Users\karti\.wdm\drivers\chromedriver\win32\90.0.4430.24\chromedriver.exe] found in cache
2021-05-17 13:50:21;INFO;

2021-05-17 13:50:21;INFO;====== WebDriver manager ======
2021-05-17 13:50:21;INFO;Current google-chrome version is 90.0.4430
2021-05-17 13:50:21;INFO;Get LATEST driver version for 90.0.4430
2021-05-17 13:50:25;INFO;Driver [C:\Users\karti\.wdm\drivers\chromedriver\win32\90.0.4430.24\chromedriver.exe] found in cache
2021-05-17 13:52:18;INFO;

2021-05-17 13:52:18;INFO;====== WebDriver manager ======
2021-05-17 13:52:18;INFO;Current google-chrome version is 90.0.4430
2021-05-17 13:52:18;INFO;Get LATEST driver version for 90.0.4430
2021-05-17 13:52:19;INFO;Driver [C:\Users\karti\.wdm\drivers\chromedriver\win32\90.0.4430.24\chromedriver.exe] found in cache
2021-05-17 13:56:00;INFO;

2021-05-17 13:56:00;INFO;====== WebDriver manager ======
2021-05-17 13:56:00;INFO;Current google-chrome version is 90.0.4430
2021-05-17 13:56:00;INFO;Get LATEST driver version for 90.0.4430
2021-05-17 13:56:02;INFO;Driver [C:\Users\karti\.wdm\drivers\chromedriver\win32\90.0.4430.24\chromedriver.exe] found in cache
2021-05-17 13:57:11;INFO;Deliverable added successfully
2021-05-17 13:59:24;INFO;

2021-05-17 13:59:24;INFO;====== WebDriver manager ======
2021-05-17 13:59:24;INFO;Current google-chrome version is 90.0.4430
2021-05-17 13:59:24;INFO;Get LATEST driver version for 90.0.4430
2021-05-17 13:59:25;INFO;Driver [C:\Users\karti\.wdm\drivers\chromedriver\win32\90.0.4430.24\chromedriver.exe] found in cache
2021-05-17 14:00:37;INFO;Deliverable added successfully
2021-05-17 14:09:35;INFO;

2021-05-17 14:09:35;INFO;====== WebDriver manager ======
2021-05-17 14:09:35;INFO;Current google-chrome version is 90.0.4430
2021-05-17 14:09:35;INFO;Get LATEST driver version for 90.0.4430
2021-05-17 14:10:02;INFO;

2021-05-17 14:10:02;INFO;====== WebDriver manager ======
2021-05-17 14:10:02;INFO;Current google-chrome version is 90.0.4430
2021-05-17 14:10:02;INFO;Get LATEST driver version for 90.0.4430
2021-05-17 14:10:03;INFO;Driver [C:\Users\karti\.wdm\drivers\chromedriver\win32\90.0.4430.24\chromedriver.exe] found in cache
2021-05-17 14:31:15;INFO;

2021-05-17 14:31:15;INFO;====== WebDriver manager ======
2021-05-17 14:31:15;INFO;Current google-chrome version is 90.0.4430
2021-05-17 14:31:15;INFO;Get LATEST driver version for 90.0.4430
2021-05-17 14:31:26;INFO;Driver [C:\Users\karti\.wdm\drivers\chromedriver\win32\90.0.4430.24\chromedriver.exe] found in cache
2021-05-17 14:34:48;INFO;

2021-05-17 14:34:48;INFO;====== WebDriver manager ======
2021-05-17 14:34:48;INFO;Current google-chrome version is 90.0.4430
2021-05-17 14:34:48;INFO;Get LATEST driver version for 90.0.4430
2021-05-17 14:34:50;INFO;Driver [C:\Users\karti\.wdm\drivers\chromedriver\win32\90.0.4430.24\chromedriver.exe] found in cache
2021-05-17 14:36:28;INFO;

2021-05-17 14:36:28;INFO;====== WebDriver manager ======
2021-05-17 14:36:28;INFO;Current google-chrome version is 90.0.4430
2021-05-17 14:36:28;INFO;Get LATEST driver version for 90.0.4430
2021-05-17 14:36:31;INFO;Driver [C:\Users\karti\.wdm\drivers\chromedriver\win32\90.0.4430.24\chromedriver.exe] found in cache
2021-05-17 14:40:08;INFO;

2021-05-17 14:40:08;INFO;====== WebDriver manager ======
2021-05-17 14:40:08;INFO;Current google-chrome version is 90.0.4430
2021-05-17 14:40:08;INFO;Get LATEST driver version for 90.0.4430
2021-05-17 14:40:10;INFO;Driver [C:\Users\karti\.wdm\drivers\chromedriver\win32\90.0.4430.24\chromedriver.exe] found in cache
2021-05-17 14:41:52;INFO;Deliverable added successfully
2021-05-17 14:50:33;INFO;

2021-05-17 14:50:33;INFO;====== WebDriver manager ======
2021-05-17 14:50:34;INFO;Current google-chrome version is 90.0.4430
2021-05-17 14:50:34;INFO;Get LATEST driver version for 90.0.4430
2021-05-17 14:50:35;INFO;Driver [C:\Users\karti\.wdm\drivers\chromedriver\win32\90.0.4430.24\chromedriver.exe] found in cache
2021-05-17 14:53:10;INFO;

2021-05-17 14:53:10;INFO;====== WebDriver manager ======
2021-05-17 14:53:10;INFO;Current google-chrome version is 90.0.4430
2021-05-17 14:53:10;INFO;Get LATEST driver version for 90.0.4430
2021-05-17 14:53:11;INFO;Driver [C:\Users\karti\.wdm\drivers\chromedriver\win32\90.0.4430.24\chromedriver.exe] found in cache
2021-05-17 14:54:19;INFO;Deliverable added successfully
2021-05-17 14:55:32;INFO;

2021-05-17 14:55:32;INFO;====== WebDriver manager ======
2021-05-17 14:55:32;INFO;Current google-chrome version is 90.0.4430
2021-05-17 14:55:32;INFO;Get LATEST driver version for 90.0.4430
2021-05-17 14:55:33;INFO;Driver [C:\Users\karti\.wdm\drivers\chromedriver\win32\90.0.4430.24\chromedriver.exe] found in cache
2021-05-17 14:56:29;INFO;Deliverable added successfully
2021-05-17 15:03:38;INFO;

2021-05-17 15:03:38;INFO;====== WebDriver manager ======
2021-05-17 15:03:38;INFO;Current google-chrome version is 90.0.4430
2021-05-17 15:03:38;INFO;Get LATEST driver version for 90.0.4430
2021-05-17 15:03:39;INFO;Driver [C:\Users\karti\.wdm\drivers\chromedriver\win32\90.0.4430.24\chromedriver.exe] found in cache
2021-05-17 15:05:02;INFO;Deliverable added successfully
2021-05-17 15:17:27;INFO;

2021-05-17 15:17:27;INFO;====== WebDriver manager ======
2021-05-17 15:17:27;INFO;Current google-chrome version is 90.0.4430
2021-05-17 15:17:27;INFO;Get LATEST driver version for 90.0.4430
2021-05-17 15:17:29;INFO;Driver [C:\Users\karti\.wdm\drivers\chromedriver\win32\90.0.4430.24\chromedriver.exe] found in cache
2021-05-17 15:18:36;INFO;Deliverable added successfully
2021-05-17 15:20:44;INFO;

2021-05-17 15:20:44;INFO;====== WebDriver manager ======
2021-05-17 15:20:44;INFO;Current google-chrome version is 90.0.4430
2021-05-17 15:20:44;INFO;Get LATEST driver version for 90.0.4430
2021-05-17 15:20:45;INFO;Driver [C:\Users\karti\.wdm\drivers\chromedriver\win32\90.0.4430.24\chromedriver.exe] found in cache
2021-05-17 15:22:23;INFO;Deliverable added successfully
2021-05-17 15:24:33;INFO;

2021-05-17 15:24:33;INFO;====== WebDriver manager ======
2021-05-17 15:24:33;INFO;Current google-chrome version is 90.0.4430
2021-05-17 15:24:33;INFO;Get LATEST driver version for 90.0.4430
2021-05-17 15:24:35;INFO;Driver [C:\Users\karti\.wdm\drivers\chromedriver\win32\90.0.4430.24\chromedriver.exe] found in cache
2021-05-17 15:27:02;INFO;Deliverable added successfully
2021-05-17 15:28:57;INFO;

2021-05-17 15:28:57;INFO;====== WebDriver manager ======
2021-05-17 15:28:57;INFO;Current google-chrome version is 90.0.4430
2021-05-17 15:28:57;INFO;Get LATEST driver version for 90.0.4430
2021-05-17 15:28:58;INFO;Driver [C:\Users\karti\.wdm\drivers\chromedriver\win32\90.0.4430.24\chromedriver.exe] found in cache
2021-05-17 15:31:23;INFO;Deliverable added successfully
2021-05-17 15:32:48;INFO;

2021-05-17 15:32:48;INFO;====== WebDriver manager ======
2021-05-17 15:32:48;INFO;Current google-chrome version is 90.0.4430
2021-05-17 15:32:48;INFO;Get LATEST driver version for 90.0.4430
2021-05-17 15:32:50;INFO;Driver [C:\Users\karti\.wdm\drivers\chromedriver\win32\90.0.4430.24\chromedriver.exe] found in cache
2021-05-17 15:33:45;INFO;Deliverable added successfully
2021-05-17 15:36:32;INFO;

2021-05-17 15:36:32;INFO;====== WebDriver manager ======
2021-05-17 15:36:32;INFO;Current google-chrome version is 90.0.4430
2021-05-17 15:36:32;INFO;Get LATEST driver version for 90.0.4430
2021-05-17 15:36:33;INFO;Driver [C:\Users\karti\.wdm\drivers\chromedriver\win32\90.0.4430.24\chromedriver.exe] found in cache
2021-05-17 15:39:22;INFO;

2021-05-17 15:39:22;INFO;====== WebDriver manager ======
2021-05-17 15:39:22;INFO;Current google-chrome version is 90.0.4430
2021-05-17 15:39:22;INFO;Get LATEST driver version for 90.0.4430
2021-05-17 15:39:24;INFO;Driver [C:\Users\karti\.wdm\drivers\chromedriver\win32\90.0.4430.24\chromedriver.exe] found in cache
2021-05-17 15:41:45;INFO;

2021-05-17 15:41:45;INFO;====== WebDriver manager ======
2021-05-17 15:41:45;INFO;Current google-chrome version is 90.0.4430
2021-05-17 15:41:45;INFO;Get LATEST driver version for 90.0.4430
2021-05-17 15:41:47;INFO;Driver [C:\Users\karti\.wdm\drivers\chromedriver\win32\90.0.4430.24\chromedriver.exe] found in cache
2021-05-17 15:46:36;INFO;

2021-05-17 15:46:36;INFO;====== WebDriver manager ======
2021-05-17 15:46:36;INFO;Current google-chrome version is 90.0.4430
2021-05-17 15:46:36;INFO;Get LATEST driver version for 90.0.4430
2021-05-17 15:46:39;INFO;Driver [C:\Users\karti\.wdm\drivers\chromedriver\win32\90.0.4430.24\chromedriver.exe] found in cache
2021-05-17 15:49:45;INFO;

2021-05-17 15:49:45;INFO;====== WebDriver manager ======
2021-05-17 15:49:45;INFO;Current google-chrome version is 90.0.4430
2021-05-17 15:49:45;INFO;Get LATEST driver version for 90.0.4430
2021-05-17 15:49:48;INFO;Driver [C:\Users\karti\.wdm\drivers\chromedriver\win32\90.0.4430.24\chromedriver.exe] found in cache
2021-05-17 15:50:37;INFO;Deliverable added successfully
2021-05-17 15:55:52;INFO;

2021-05-17 15:55:52;INFO;====== WebDriver manager ======
2021-05-17 15:55:52;INFO;Current google-chrome version is 90.0.4430
2021-05-17 15:55:52;INFO;Get LATEST driver version for 90.0.4430
2021-05-17 15:55:53;INFO;Driver [C:\Users\karti\.wdm\drivers\chromedriver\win32\90.0.4430.24\chromedriver.exe] found in cache
2021-05-17 16:01:55;INFO;

2021-05-17 16:01:55;INFO;====== WebDriver manager ======
2021-05-17 16:01:55;INFO;Current google-chrome version is 90.0.4430
2021-05-17 16:01:55;INFO;Get LATEST driver version for 90.0.4430
2021-05-17 16:01:57;INFO;Driver [C:\Users\karti\.wdm\drivers\chromedriver\win32\90.0.4430.24\chromedriver.exe] found in cache
2021-05-17 16:04:56;INFO;

2021-05-17 16:04:56;INFO;====== WebDriver manager ======
2021-05-17 16:04:57;INFO;Current google-chrome version is 90.0.4430
2021-05-17 16:04:57;INFO;Get LATEST driver version for 90.0.4430
2021-05-17 16:04:58;INFO;Driver [C:\Users\karti\.wdm\drivers\chromedriver\win32\90.0.4430.24\chromedriver.exe] found in cache
2021-05-17 16:09:45;INFO;

2021-05-17 16:09:45;INFO;====== WebDriver manager ======
2021-05-17 16:09:45;INFO;Current google-chrome version is 90.0.4430
2021-05-17 16:09:45;INFO;Get LATEST driver version for 90.0.4430
2021-05-17 16:09:51;INFO;Driver [C:\Users\karti\.wdm\drivers\chromedriver\win32\90.0.4430.24\chromedriver.exe] found in cache
2021-05-17 16:39:13;INFO;

2021-05-17 16:39:13;INFO;====== WebDriver manager ======
2021-05-17 16:39:13;INFO;Current google-chrome version is 90.0.4430
2021-05-17 16:39:13;INFO;Get LATEST driver version for 90.0.4430
2021-05-17 16:39:15;INFO;Driver [C:\Users\karti\.wdm\drivers\chromedriver\win32\90.0.4430.24\chromedriver.exe] found in cache
2021-05-17 16:40:05;INFO;Deliverable added successfully
2021-05-17 16:40:50;INFO;

2021-05-17 16:40:50;INFO;====== WebDriver manager ======
2021-05-17 16:40:50;INFO;Current google-chrome version is 90.0.4430
2021-05-17 16:40:50;INFO;Get LATEST driver version for 90.0.4430
2021-05-17 16:40:52;INFO;Driver [C:\Users\karti\.wdm\drivers\chromedriver\win32\90.0.4430.24\chromedriver.exe] found in cache
2021-05-17 16:41:51;INFO;Deliverable added successfully
2021-05-17 16:43:10;INFO;

2021-05-17 16:43:10;INFO;====== WebDriver manager ======
2021-05-17 16:43:10;INFO;Current google-chrome version is 90.0.4430
2021-05-17 16:43:10;INFO;Get LATEST driver version for 90.0.4430
2021-05-17 16:43:12;INFO;Driver [C:\Users\karti\.wdm\drivers\chromedriver\win32\90.0.4430.24\chromedriver.exe] found in cache
2021-05-17 17:08:34;INFO;

2021-05-17 17:08:34;INFO;====== WebDriver manager ======
2021-05-17 17:08:34;INFO;Current google-chrome version is 90.0.4430
2021-05-17 17:08:34;INFO;Get LATEST driver version for 90.0.4430
2021-05-17 17:08:37;INFO;Driver [C:\Users\karti\.wdm\drivers\chromedriver\win32\90.0.4430.24\chromedriver.exe] found in cache
2021-05-17 17:09:59;INFO;

2021-05-17 17:09:59;INFO;====== WebDriver manager ======
2021-05-17 17:09:59;INFO;Current google-chrome version is 90.0.4430
2021-05-17 17:09:59;INFO;Get LATEST driver version for 90.0.4430
2021-05-17 17:10:00;INFO;Driver [C:\Users\karti\.wdm\drivers\chromedriver\win32\90.0.4430.24\chromedriver.exe] found in cache
2021-05-17 17:10:56;INFO;Deliverable added successfully
2021-05-17 17:15:25;INFO;

2021-05-17 17:15:25;INFO;====== WebDriver manager ======
2021-05-17 17:15:25;INFO;Current google-chrome version is 90.0.4430
2021-05-17 17:15:25;INFO;Get LATEST driver version for 90.0.4430
2021-05-17 17:15:26;INFO;Driver [C:\Users\karti\.wdm\drivers\chromedriver\win32\90.0.4430.24\chromedriver.exe] found in cache
2021-05-17 17:16:29;INFO;Deliverable added successfully
2021-05-17 17:17:57;INFO;

2021-05-17 17:17:57;INFO;====== WebDriver manager ======
2021-05-17 17:17:57;INFO;Current google-chrome version is 90.0.4430
2021-05-17 17:17:57;INFO;Get LATEST driver version for 90.0.4430
2021-05-17 17:17:58;INFO;Driver [C:\Users\karti\.wdm\drivers\chromedriver\win32\90.0.4430.24\chromedriver.exe] found in cache
2021-05-17 17:18:44;INFO;Deliverable added successfully
2021-05-17 17:19:52;INFO;

2021-05-17 17:19:52;INFO;====== WebDriver manager ======
2021-05-17 17:19:53;INFO;Current google-chrome version is 90.0.4430
2021-05-17 17:19:53;INFO;Get LATEST driver version for 90.0.4430
2021-05-17 17:19:54;INFO;Driver [C:\Users\karti\.wdm\drivers\chromedriver\win32\90.0.4430.24\chromedriver.exe] found in cache
2021-05-17 17:21:32;INFO;

2021-05-17 17:21:32;INFO;====== WebDriver manager ======
2021-05-17 17:21:32;INFO;Current google-chrome version is 90.0.4430
2021-05-17 17:21:32;INFO;Get LATEST driver version for 90.0.4430
2021-05-17 17:21:33;INFO;Driver [C:\Users\karti\.wdm\drivers\chromedriver\win32\90.0.4430.24\chromedriver.exe] found in cache
2021-05-17 17:23:08;INFO;

2021-05-17 17:23:08;INFO;====== WebDriver manager ======
2021-05-17 17:23:08;INFO;Current google-chrome version is 90.0.4430
2021-05-17 17:23:08;INFO;Get LATEST driver version for 90.0.4430
2021-05-17 17:23:12;INFO;Driver [C:\Users\karti\.wdm\drivers\chromedriver\win32\90.0.4430.24\chromedriver.exe] found in cache
2021-05-17 17:25:39;INFO;Deliverable added successfully
2021-05-17 17:32:47;INFO;

2021-05-17 17:32:47;INFO;====== WebDriver manager ======
2021-05-17 17:32:47;INFO;Current google-chrome version is 90.0.4430
2021-05-17 17:32:47;INFO;Get LATEST driver version for 90.0.4430
2021-05-17 17:32:49;INFO;Driver [C:\Users\karti\.wdm\drivers\chromedriver\win32\90.0.4430.24\chromedriver.exe] found in cache
2021-05-17 17:34:07;INFO;Line item added successfully
2021-05-17 17:48:52;INFO;

2021-05-17 17:48:52;INFO;====== WebDriver manager ======
2021-05-17 17:48:52;INFO;Current google-chrome version is 90.0.4430
2021-05-17 17:48:52;INFO;Get LATEST driver version for 90.0.4430
2021-05-17 17:49:27;INFO;

2021-05-17 17:49:27;INFO;====== WebDriver manager ======
2021-05-17 17:49:27;INFO;Current google-chrome version is 90.0.4430
2021-05-17 17:49:27;INFO;Get LATEST driver version for 90.0.4430
2021-05-17 17:49:32;INFO;Driver [C:\Users\karti\.wdm\drivers\chromedriver\win32\90.0.4430.24\chromedriver.exe] found in cache
2021-05-17 18:22:12;INFO;

2021-05-17 18:22:12;INFO;====== WebDriver manager ======
2021-05-17 18:22:12;INFO;Current google-chrome version is 90.0.4430
2021-05-17 18:22:12;INFO;Get LATEST driver version for 90.0.4430
2021-05-17 18:22:14;INFO;Driver [C:\Users\karti\.wdm\drivers\chromedriver\win32\90.0.4430.24\chromedriver.exe] found in cache
2021-05-17 18:28:26;INFO;

2021-05-17 18:28:26;INFO;====== WebDriver manager ======
2021-05-17 18:28:26;INFO;Current google-chrome version is 90.0.4430
2021-05-17 18:28:26;INFO;Get LATEST driver version for 90.0.4430
2021-05-17 18:28:28;INFO;Driver [C:\Users\karti\.wdm\drivers\chromedriver\win32\90.0.4430.24\chromedriver.exe] found in cache
2021-05-17 19:51:19;INFO;

2021-05-17 19:51:19;INFO;====== WebDriver manager ======
2021-05-17 19:51:19;INFO;Current google-chrome version is 90.0.4430
2021-05-17 19:51:19;INFO;Get LATEST driver version for 90.0.4430
2021-05-17 19:51:24;INFO;Driver [C:\Users\karti\.wdm\drivers\chromedriver\win32\90.0.4430.24\chromedriver.exe] found in cache
2021-05-17 19:54:34;INFO;

2021-05-17 19:54:34;INFO;====== WebDriver manager ======
2021-05-17 19:54:34;INFO;Current google-chrome version is 90.0.4430
2021-05-17 19:54:34;INFO;Get LATEST driver version for 90.0.4430
2021-05-17 19:54:40;INFO;Driver [C:\Users\karti\.wdm\drivers\chromedriver\win32\90.0.4430.24\chromedriver.exe] found in cache
2021-05-17 20:04:10;INFO;

2021-05-17 20:04:10;INFO;====== WebDriver manager ======
2021-05-17 20:04:10;INFO;Current google-chrome version is 90.0.4430
2021-05-17 20:04:10;INFO;Get LATEST driver version for 90.0.4430
2021-05-17 20:04:12;INFO;Driver [C:\Users\karti\.wdm\drivers\chromedriver\win32\90.0.4430.24\chromedriver.exe] found in cache
2021-05-17 20:10:40;INFO;

2021-05-17 20:10:40;INFO;====== WebDriver manager ======
2021-05-17 20:10:40;INFO;Current google-chrome version is 90.0.4430
2021-05-17 20:10:40;INFO;Get LATEST driver version for 90.0.4430
2021-05-17 20:10:41;INFO;Driver [C:\Users\karti\.wdm\drivers\chromedriver\win32\90.0.4430.24\chromedriver.exe] found in cache
2021-05-17 20:12:33;ERROR;Line item not added due to missing data
2021-05-17 20:13:35;INFO;

2021-05-17 20:13:35;INFO;====== WebDriver manager ======
2021-05-17 20:13:35;INFO;Current google-chrome version is 90.0.4430
2021-05-17 20:13:35;INFO;Get LATEST driver version for 90.0.4430
2021-05-17 20:13:36;INFO;Driver [C:\Users\karti\.wdm\drivers\chromedriver\win32\90.0.4430.24\chromedriver.exe] found in cache
2021-05-17 20:16:09;ERROR;Line item not added due to missing data
2021-05-17 20:23:16;INFO;

2021-05-17 20:23:16;INFO;====== WebDriver manager ======
2021-05-17 20:23:16;INFO;Current google-chrome version is 90.0.4430
2021-05-17 20:23:16;INFO;Get LATEST driver version for 90.0.4430
2021-05-17 20:23:17;INFO;Driver [C:\Users\karti\.wdm\drivers\chromedriver\win32\90.0.4430.24\chromedriver.exe] found in cache
2021-05-17 20:25:16;INFO;

2021-05-17 20:25:16;INFO;====== WebDriver manager ======
2021-05-17 20:25:16;INFO;Current google-chrome version is 90.0.4430
2021-05-17 20:25:16;INFO;Get LATEST driver version for 90.0.4430
2021-05-17 20:25:17;INFO;Driver [C:\Users\karti\.wdm\drivers\chromedriver\win32\90.0.4430.24\chromedriver.exe] found in cache
2021-05-18 08:53:26;INFO;

2021-05-18 08:53:26;INFO;====== WebDriver manager ======
2021-05-18 08:53:26;INFO;Current google-chrome version is 90.0.4430
2021-05-18 08:53:26;INFO;Get LATEST driver version for 90.0.4430
2021-05-18 08:53:29;INFO;Get LATEST driver version for 90.0.4430
2021-05-18 08:53:31;INFO;Trying to download new driver from https://chromedriver.storage.googleapis.com/90.0.4430.24/chromedriver_win32.zip
2021-05-18 08:53:47;INFO;Driver has been saved in cache [C:\Users\karti\.wdm\drivers\chromedriver\win32\90.0.4430.24]
2021-05-18 08:55:21;INFO;Line item added successfully
2021-05-18 13:27:12;INFO;

2021-05-18 13:27:12;INFO;====== WebDriver manager ======
2021-05-18 13:27:12;INFO;Current google-chrome version is 90.0.4430
2021-05-18 13:27:12;INFO;Get LATEST driver version for 90.0.4430
2021-05-18 13:27:14;INFO;Driver [C:\Users\karti\.wdm\drivers\chromedriver\win32\90.0.4430.24\chromedriver.exe] found in cache
2021-05-18 13:28:57;INFO;Line item added successfully
2021-05-18 15:21:24;INFO;

2021-05-18 15:21:24;INFO;====== WebDriver manager ======
2021-05-18 15:21:24;INFO;Current google-chrome version is 90.0.4430
2021-05-18 15:21:24;INFO;Get LATEST driver version for 90.0.4430
2021-05-18 15:21:26;INFO;Driver [C:\Users\karti\.wdm\drivers\chromedriver\win32\90.0.4430.24\chromedriver.exe] found in cache
2021-05-18 15:22:18;INFO;Deliverable added successfully
2021-05-18 15:24:12;INFO;

2021-05-18 15:24:12;INFO;====== WebDriver manager ======
2021-05-18 15:24:12;INFO;Current google-chrome version is 90.0.4430
2021-05-18 15:24:12;INFO;Get LATEST driver version for 90.0.4430
2021-05-18 15:24:13;INFO;Driver [C:\Users\karti\.wdm\drivers\chromedriver\win32\90.0.4430.24\chromedriver.exe] found in cache
2021-05-18 15:24:48;INFO;Deliverable added successfully
2021-05-18 15:28:18;INFO;

2021-05-18 15:28:18;INFO;====== WebDriver manager ======
2021-05-18 15:28:18;INFO;Current google-chrome version is 90.0.4430
2021-05-18 15:28:18;INFO;Get LATEST driver version for 90.0.4430
2021-05-18 15:28:20;INFO;Driver [C:\Users\karti\.wdm\drivers\chromedriver\win32\90.0.4430.24\chromedriver.exe] found in cache
2021-05-18 15:29:15;INFO;Deliverable added successfully
2021-05-18 15:31:23;INFO;

2021-05-18 15:31:23;INFO;====== WebDriver manager ======
2021-05-18 15:31:23;INFO;Current google-chrome version is 90.0.4430
2021-05-18 15:31:23;INFO;Get LATEST driver version for 90.0.4430
2021-05-18 15:31:24;INFO;Driver [C:\Users\karti\.wdm\drivers\chromedriver\win32\90.0.4430.24\chromedriver.exe] found in cache
2021-05-18 15:32:16;INFO;Deliverable added successfully
2021-05-18 15:37:54;INFO;

2021-05-18 15:37:54;INFO;====== WebDriver manager ======
2021-05-18 15:37:54;INFO;Current google-chrome version is 90.0.4430
2021-05-18 15:37:54;INFO;Get LATEST driver version for 90.0.4430
2021-05-18 15:37:56;INFO;Driver [C:\Users\karti\.wdm\drivers\chromedriver\win32\90.0.4430.24\chromedriver.exe] found in cache
2021-05-18 15:40:13;INFO;

2021-05-18 15:40:13;INFO;====== WebDriver manager ======
2021-05-18 15:40:13;INFO;Current google-chrome version is 90.0.4430
2021-05-18 15:40:13;INFO;Get LATEST driver version for 90.0.4430
2021-05-18 15:40:14;INFO;Driver [C:\Users\karti\.wdm\drivers\chromedriver\win32\90.0.4430.24\chromedriver.exe] found in cache
2021-05-18 15:43:03;INFO;

2021-05-18 15:43:03;INFO;====== WebDriver manager ======
2021-05-18 15:43:03;INFO;Current google-chrome version is 90.0.4430
2021-05-18 15:43:03;INFO;Get LATEST driver version for 90.0.4430
2021-05-18 15:43:05;INFO;Driver [C:\Users\karti\.wdm\drivers\chromedriver\win32\90.0.4430.24\chromedriver.exe] found in cache
2021-05-18 15:44:03;INFO;Deliverable added successfully
2021-05-18 16:00:40;INFO;

2021-05-18 16:00:40;INFO;====== WebDriver manager ======
2021-05-18 16:00:40;INFO;Current google-chrome version is 90.0.4430
2021-05-18 16:00:40;INFO;Get LATEST driver version for 90.0.4430
2021-05-18 16:00:41;INFO;Driver [C:\Users\karti\.wdm\drivers\chromedriver\win32\90.0.4430.24\chromedriver.exe] found in cache
2021-05-18 16:03:22;INFO;

2021-05-18 16:03:22;INFO;====== WebDriver manager ======
2021-05-18 16:03:22;INFO;Current google-chrome version is 90.0.4430
2021-05-18 16:03:22;INFO;Get LATEST driver version for 90.0.4430
2021-05-18 16:03:24;INFO;Driver [C:\Users\karti\.wdm\drivers\chromedriver\win32\90.0.4430.24\chromedriver.exe] found in cache
2021-05-18 16:09:01;INFO;

2021-05-18 16:09:01;INFO;====== WebDriver manager ======
2021-05-18 16:09:02;INFO;Current google-chrome version is 90.0.4430
2021-05-18 16:09:02;INFO;Get LATEST driver version for 90.0.4430
2021-05-18 16:09:03;INFO;Driver [C:\Users\karti\.wdm\drivers\chromedriver\win32\90.0.4430.24\chromedriver.exe] found in cache
2021-05-18 16:16:59;INFO;

2021-05-18 16:16:59;INFO;====== WebDriver manager ======
2021-05-18 16:16:59;INFO;Current google-chrome version is 90.0.4430
2021-05-18 16:16:59;INFO;Get LATEST driver version for 90.0.4430
2021-05-18 16:17:01;INFO;Driver [C:\Users\karti\.wdm\drivers\chromedriver\win32\90.0.4430.24\chromedriver.exe] found in cache
2021-05-18 16:18:54;INFO;Deliverable added successfully
2021-05-18 16:22:22;INFO;

2021-05-18 16:22:22;INFO;====== WebDriver manager ======
2021-05-18 16:22:22;INFO;Current google-chrome version is 90.0.4430
2021-05-18 16:22:22;INFO;Get LATEST driver version for 90.0.4430
2021-05-18 16:22:23;INFO;Driver [C:\Users\karti\.wdm\drivers\chromedriver\win32\90.0.4430.24\chromedriver.exe] found in cache
2021-05-18 16:29:21;INFO;

2021-05-18 16:29:21;INFO;====== WebDriver manager ======
2021-05-18 16:29:21;INFO;Current google-chrome version is 90.0.4430
2021-05-18 16:29:21;INFO;Get LATEST driver version for 90.0.4430
2021-05-18 16:29:22;INFO;Driver [C:\Users\karti\.wdm\drivers\chromedriver\win32\90.0.4430.24\chromedriver.exe] found in cache
2021-05-18 16:32:05;INFO;

2021-05-18 16:32:05;INFO;====== WebDriver manager ======
2021-05-18 16:32:05;INFO;Current google-chrome version is 90.0.4430
2021-05-18 16:32:05;INFO;Get LATEST driver version for 90.0.4430
2021-05-18 16:32:06;INFO;Driver [C:\Users\karti\.wdm\drivers\chromedriver\win32\90.0.4430.24\chromedriver.exe] found in cache
2021-05-18 16:37:03;INFO;

2021-05-18 16:37:03;INFO;====== WebDriver manager ======
2021-05-18 16:37:03;INFO;Current google-chrome version is 90.0.4430
2021-05-18 16:37:03;INFO;Get LATEST driver version for 90.0.4430
2021-05-18 16:37:05;INFO;Driver [C:\Users\karti\.wdm\drivers\chromedriver\win32\90.0.4430.24\chromedriver.exe] found in cache
2021-05-18 16:41:15;INFO;

2021-05-18 16:41:15;INFO;====== WebDriver manager ======
2021-05-18 16:41:15;INFO;Current google-chrome version is 90.0.4430
2021-05-18 16:41:15;INFO;Get LATEST driver version for 90.0.4430
2021-05-18 16:41:16;INFO;Driver [C:\Users\karti\.wdm\drivers\chromedriver\win32\90.0.4430.24\chromedriver.exe] found in cache
2021-05-18 16:44:49;INFO;

2021-05-18 16:44:49;INFO;====== WebDriver manager ======
2021-05-18 16:44:49;INFO;Current google-chrome version is 90.0.4430
2021-05-18 16:44:49;INFO;Get LATEST driver version for 90.0.4430
2021-05-18 16:44:51;INFO;Driver [C:\Users\karti\.wdm\drivers\chromedriver\win32\90.0.4430.24\chromedriver.exe] found in cache
2021-05-18 16:49:02;INFO;

2021-05-18 16:49:02;INFO;====== WebDriver manager ======
2021-05-18 16:49:02;INFO;Current google-chrome version is 90.0.4430
2021-05-18 16:49:02;INFO;Get LATEST driver version for 90.0.4430
2021-05-18 16:49:03;INFO;Driver [C:\Users\karti\.wdm\drivers\chromedriver\win32\90.0.4430.24\chromedriver.exe] found in cache
2021-05-18 16:51:42;INFO;

2021-05-18 16:51:42;INFO;====== WebDriver manager ======
2021-05-18 16:51:43;INFO;Current google-chrome version is 90.0.4430
2021-05-18 16:51:43;INFO;Get LATEST driver version for 90.0.4430
2021-05-18 16:51:44;INFO;Driver [C:\Users\karti\.wdm\drivers\chromedriver\win32\90.0.4430.24\chromedriver.exe] found in cache
2021-05-18 16:54:26;INFO;

2021-05-18 16:54:26;INFO;====== WebDriver manager ======
2021-05-18 16:54:26;INFO;Current google-chrome version is 90.0.4430
2021-05-18 16:54:26;INFO;Get LATEST driver version for 90.0.4430
2021-05-18 16:54:27;INFO;Driver [C:\Users\karti\.wdm\drivers\chromedriver\win32\90.0.4430.24\chromedriver.exe] found in cache
2021-05-18 16:57:48;INFO;Deliverable added successfully
2021-05-18 17:02:24;INFO;

2021-05-18 17:02:24;INFO;====== WebDriver manager ======
2021-05-18 17:02:24;INFO;Current google-chrome version is 90.0.4430
2021-05-18 17:02:24;INFO;Get LATEST driver version for 90.0.4430
2021-05-18 17:02:25;INFO;Driver [C:\Users\karti\.wdm\drivers\chromedriver\win32\90.0.4430.24\chromedriver.exe] found in cache
2021-05-18 17:05:52;INFO;

2021-05-18 17:05:52;INFO;====== WebDriver manager ======
2021-05-18 17:05:52;INFO;Current google-chrome version is 90.0.4430
2021-05-18 17:05:52;INFO;Get LATEST driver version for 90.0.4430
2021-05-18 17:05:55;INFO;Driver [C:\Users\karti\.wdm\drivers\chromedriver\win32\90.0.4430.24\chromedriver.exe] found in cache
2021-05-18 17:07:59;INFO;

2021-05-18 17:07:59;INFO;====== WebDriver manager ======
2021-05-18 17:07:59;INFO;Current google-chrome version is 90.0.4430
2021-05-18 17:07:59;INFO;Get LATEST driver version for 90.0.4430
2021-05-18 17:08:01;INFO;Driver [C:\Users\karti\.wdm\drivers\chromedriver\win32\90.0.4430.24\chromedriver.exe] found in cache
2021-05-18 17:08:45;INFO;Deliverable added successfully
2021-05-18 17:19:01;INFO;

2021-05-18 17:19:01;INFO;====== WebDriver manager ======
2021-05-18 17:19:01;INFO;Current google-chrome version is 90.0.4430
2021-05-18 17:19:01;INFO;Get LATEST driver version for 90.0.4430
2021-05-18 17:19:03;INFO;Driver [C:\Users\karti\.wdm\drivers\chromedriver\win32\90.0.4430.24\chromedriver.exe] found in cache
2021-05-18 17:22:40;INFO;

2021-05-18 17:22:40;INFO;====== WebDriver manager ======
2021-05-18 17:22:40;INFO;Current google-chrome version is 90.0.4430
2021-05-18 17:22:40;INFO;Get LATEST driver version for 90.0.4430
2021-05-18 17:22:42;INFO;Driver [C:\Users\karti\.wdm\drivers\chromedriver\win32\90.0.4430.24\chromedriver.exe] found in cache
2021-05-18 17:23:39;INFO;Deliverable added successfully
2021-05-19 11:12:29;INFO;

2021-05-19 11:12:29;INFO;====== WebDriver manager ======
2021-05-19 11:12:30;INFO;Current google-chrome version is 90.0.4430
2021-05-19 11:12:30;INFO;Get LATEST driver version for 90.0.4430
2021-05-19 11:12:31;INFO;Get LATEST driver version for 90.0.4430
2021-05-19 11:12:32;INFO;Trying to download new driver from https://chromedriver.storage.googleapis.com/90.0.4430.24/chromedriver_win32.zip
2021-05-19 11:12:37;INFO;Driver has been saved in cache [C:\Users\karti\.wdm\drivers\chromedriver\win32\90.0.4430.24]
2021-05-19 11:16:25;INFO;

2021-05-19 11:16:25;INFO;====== WebDriver manager ======
2021-05-19 11:16:26;INFO;Current google-chrome version is 90.0.4430
2021-05-19 11:16:26;INFO;Get LATEST driver version for 90.0.4430
2021-05-19 11:16:27;INFO;Driver [C:\Users\karti\.wdm\drivers\chromedriver\win32\90.0.4430.24\chromedriver.exe] found in cache
2021-05-19 11:22:29;INFO;

2021-05-19 11:22:29;INFO;====== WebDriver manager ======
2021-05-19 11:22:29;INFO;Current google-chrome version is 90.0.4430
2021-05-19 11:22:29;INFO;Get LATEST driver version for 90.0.4430
2021-05-19 11:22:31;INFO;Driver [C:\Users\karti\.wdm\drivers\chromedriver\win32\90.0.4430.24\chromedriver.exe] found in cache
2021-05-19 11:26:56;INFO;

2021-05-19 11:26:56;INFO;====== WebDriver manager ======
2021-05-19 11:26:56;INFO;Current google-chrome version is 90.0.4430
2021-05-19 11:26:56;INFO;Get LATEST driver version for 90.0.4430
2021-05-19 11:26:57;INFO;Driver [C:\Users\karti\.wdm\drivers\chromedriver\win32\90.0.4430.24\chromedriver.exe] found in cache
2021-05-19 11:27:55;ERROR;Deliverable not added due to missing data
2021-05-19 11:29:37;INFO;

2021-05-19 11:29:37;INFO;====== WebDriver manager ======
2021-05-19 11:29:37;INFO;Current google-chrome version is 90.0.4430
2021-05-19 11:29:37;INFO;Get LATEST driver version for 90.0.4430
2021-05-19 11:29:38;INFO;Driver [C:\Users\karti\.wdm\drivers\chromedriver\win32\90.0.4430.24\chromedriver.exe] found in cache
2021-05-19 11:30:23;ERROR;Deliverable not added due to missing data
2021-05-19 11:31:57;INFO;

2021-05-19 11:31:57;INFO;====== WebDriver manager ======
2021-05-19 11:31:57;INFO;Current google-chrome version is 90.0.4430
2021-05-19 11:31:57;INFO;Get LATEST driver version for 90.0.4430
2021-05-19 11:31:59;INFO;Driver [C:\Users\karti\.wdm\drivers\chromedriver\win32\90.0.4430.24\chromedriver.exe] found in cache
2021-05-19 11:37:16;INFO;

2021-05-19 11:37:16;INFO;====== WebDriver manager ======
2021-05-19 11:37:16;INFO;Current google-chrome version is 90.0.4430
2021-05-19 11:37:16;INFO;Get LATEST driver version for 90.0.4430
2021-05-19 11:37:18;INFO;Driver [C:\Users\karti\.wdm\drivers\chromedriver\win32\90.0.4430.24\chromedriver.exe] found in cache
2021-05-19 11:42:31;INFO;

2021-05-19 11:42:31;INFO;====== WebDriver manager ======
2021-05-19 11:42:32;INFO;Current google-chrome version is 90.0.4430
2021-05-19 11:42:32;INFO;Get LATEST driver version for 90.0.4430
2021-05-19 11:46:30;INFO;

2021-05-19 11:46:30;INFO;====== WebDriver manager ======
2021-05-19 11:46:30;INFO;Current google-chrome version is 90.0.4430
2021-05-19 11:46:30;INFO;Get LATEST driver version for 90.0.4430
2021-05-19 11:46:31;INFO;Driver [C:\Users\karti\.wdm\drivers\chromedriver\win32\90.0.4430.24\chromedriver.exe] found in cache
2021-05-19 11:57:56;INFO;

2021-05-19 11:57:56;INFO;====== WebDriver manager ======
2021-05-19 11:57:56;INFO;Current google-chrome version is 90.0.4430
2021-05-19 11:57:56;INFO;Get LATEST driver version for 90.0.4430
2021-05-19 11:57:57;INFO;Driver [C:\Users\karti\.wdm\drivers\chromedriver\win32\90.0.4430.24\chromedriver.exe] found in cache
2021-05-19 14:53:50;INFO;

2021-05-19 14:53:50;INFO;====== WebDriver manager ======
2021-05-19 14:53:50;INFO;Current google-chrome version is 90.0.4430
2021-05-19 14:53:50;INFO;Get LATEST driver version for 90.0.4430
2021-05-19 14:53:52;INFO;Driver [C:\Users\karti\.wdm\drivers\chromedriver\win32\90.0.4430.24\chromedriver.exe] found in cache
2021-05-19 14:58:57;INFO;

2021-05-19 14:58:57;INFO;====== WebDriver manager ======
2021-05-19 14:58:57;INFO;Current google-chrome version is 90.0.4430
2021-05-19 14:58:57;INFO;Get LATEST driver version for 90.0.4430
2021-05-19 14:58:59;INFO;Driver [C:\Users\karti\.wdm\drivers\chromedriver\win32\90.0.4430.24\chromedriver.exe] found in cache
2021-05-19 14:59:37;ERROR;Deliverable not added successfully
2021-05-19 15:05:26;INFO;

2021-05-19 15:05:26;INFO;====== WebDriver manager ======
2021-05-19 15:05:26;INFO;Current google-chrome version is 90.0.4430
2021-05-19 15:05:26;INFO;Get LATEST driver version for 90.0.4430
2021-05-19 15:05:28;INFO;Driver [C:\Users\karti\.wdm\drivers\chromedriver\win32\90.0.4430.24\chromedriver.exe] found in cache
2021-05-19 15:06:23;ERROR;Deliverable not added due to missing data
2021-05-19 15:07:37;INFO;

2021-05-19 15:07:37;INFO;====== WebDriver manager ======
2021-05-19 15:07:37;INFO;Current google-chrome version is 90.0.4430
2021-05-19 15:07:37;INFO;Get LATEST driver version for 90.0.4430
2021-05-19 15:07:38;INFO;Driver [C:\Users\karti\.wdm\drivers\chromedriver\win32\90.0.4430.24\chromedriver.exe] found in cache
2021-05-19 15:08:11;INFO;Line item added successfully
2021-05-19 15:10:17;INFO;

2021-05-19 15:10:17;INFO;====== WebDriver manager ======
2021-05-19 15:10:17;INFO;Current google-chrome version is 90.0.4430
2021-05-19 15:10:17;INFO;Get LATEST driver version for 90.0.4430
2021-05-19 15:10:18;INFO;Driver [C:\Users\karti\.wdm\drivers\chromedriver\win32\90.0.4430.24\chromedriver.exe] found in cache
2021-05-19 15:10:50;INFO;Line item added successfully
2021-05-19 15:13:56;INFO;

2021-05-19 15:13:56;INFO;====== WebDriver manager ======
2021-05-19 15:13:56;INFO;Current google-chrome version is 90.0.4430
2021-05-19 15:13:56;INFO;Get LATEST driver version for 90.0.4430
2021-05-19 15:13:58;INFO;Driver [C:\Users\karti\.wdm\drivers\chromedriver\win32\90.0.4430.24\chromedriver.exe] found in cache
2021-05-19 15:14:48;INFO;Line item added successfully
2021-05-19 15:15:08;INFO;

2021-05-19 15:15:08;INFO;====== WebDriver manager ======
2021-05-19 15:15:08;INFO;Current google-chrome version is 90.0.4430
2021-05-19 15:15:08;INFO;Get LATEST driver version for 90.0.4430
2021-05-19 15:15:09;INFO;Driver [C:\Users\karti\.wdm\drivers\chromedriver\win32\90.0.4430.24\chromedriver.exe] found in cache
2021-05-19 15:16:02;ERROR;Deliverable not added due to missing data
2021-05-19 15:16:42;INFO;

2021-05-19 15:16:42;INFO;====== WebDriver manager ======
2021-05-19 15:16:42;INFO;Current google-chrome version is 90.0.4430
2021-05-19 15:16:42;INFO;Get LATEST driver version for 90.0.4430
2021-05-19 15:16:43;INFO;Driver [C:\Users\karti\.wdm\drivers\chromedriver\win32\90.0.4430.24\chromedriver.exe] found in cache
2021-05-19 15:17:21;ERROR;Deliverable not added successfully
2021-05-19 15:19:34;INFO;

2021-05-19 15:19:34;INFO;====== WebDriver manager ======
2021-05-19 15:19:34;INFO;Current google-chrome version is 90.0.4430
2021-05-19 15:19:34;INFO;Get LATEST driver version for 90.0.4430
2021-05-19 15:19:36;INFO;Driver [C:\Users\karti\.wdm\drivers\chromedriver\win32\90.0.4430.24\chromedriver.exe] found in cache
2021-05-19 15:20:16;ERROR;Deliverable not added successfully
2021-05-19 15:23:21;INFO;

2021-05-19 15:23:21;INFO;====== WebDriver manager ======
2021-05-19 15:23:21;INFO;Current google-chrome version is 90.0.4430
2021-05-19 15:23:21;INFO;Get LATEST driver version for 90.0.4430
2021-05-19 15:23:22;INFO;Driver [C:\Users\karti\.wdm\drivers\chromedriver\win32\90.0.4430.24\chromedriver.exe] found in cache
2021-05-19 15:23:52;INFO;Line item added successfully
2021-05-19 15:27:24;INFO;

2021-05-19 15:27:24;INFO;====== WebDriver manager ======
2021-05-19 15:27:24;INFO;Current google-chrome version is 90.0.4430
2021-05-19 15:27:24;INFO;Get LATEST driver version for 90.0.4430
2021-05-19 15:27:26;INFO;Driver [C:\Users\karti\.wdm\drivers\chromedriver\win32\90.0.4430.24\chromedriver.exe] found in cache
2021-05-19 15:28:05;ERROR;Deliverable not added successfully
2021-05-19 15:33:10;INFO;

2021-05-19 15:33:10;INFO;====== WebDriver manager ======
2021-05-19 15:33:10;INFO;Current google-chrome version is 90.0.4430
2021-05-19 15:33:10;INFO;Get LATEST driver version for 90.0.4430
2021-05-19 15:33:12;INFO;Driver [C:\Users\karti\.wdm\drivers\chromedriver\win32\90.0.4430.24\chromedriver.exe] found in cache
2021-05-19 15:33:50;ERROR;Deliverable not added successfully
2021-05-19 15:34:18;INFO;

2021-05-19 15:34:18;INFO;====== WebDriver manager ======
2021-05-19 15:34:18;INFO;Current google-chrome version is 90.0.4430
2021-05-19 15:34:18;INFO;Get LATEST driver version for 90.0.4430
2021-05-19 15:34:19;INFO;Driver [C:\Users\karti\.wdm\drivers\chromedriver\win32\90.0.4430.24\chromedriver.exe] found in cache
2021-05-19 15:34:57;ERROR;Deliverable not added successfully
2021-05-19 15:36:43;INFO;

2021-05-19 15:36:43;INFO;====== WebDriver manager ======
2021-05-19 15:36:43;INFO;Current google-chrome version is 90.0.4430
2021-05-19 15:36:43;INFO;Get LATEST driver version for 90.0.4430
2021-05-19 15:36:44;INFO;Driver [C:\Users\karti\.wdm\drivers\chromedriver\win32\90.0.4430.24\chromedriver.exe] found in cache
2021-05-19 15:37:31;ERROR;Deliverable not added successfully
2021-05-19 15:44:20;INFO;

2021-05-19 15:44:20;INFO;====== WebDriver manager ======
2021-05-19 15:44:20;INFO;Current google-chrome version is 90.0.4430
2021-05-19 15:44:20;INFO;Get LATEST driver version for 90.0.4430
2021-05-19 15:44:21;INFO;Driver [C:\Users\karti\.wdm\drivers\chromedriver\win32\90.0.4430.24\chromedriver.exe] found in cache
2021-05-19 15:45:08;ERROR;Deliverable not added successfully
2021-05-19 15:46:39;INFO;

2021-05-19 15:46:39;INFO;====== WebDriver manager ======
2021-05-19 15:46:39;INFO;Current google-chrome version is 90.0.4430
2021-05-19 15:46:39;INFO;Get LATEST driver version for 90.0.4430
2021-05-19 15:46:40;INFO;Driver [C:\Users\karti\.wdm\drivers\chromedriver\win32\90.0.4430.24\chromedriver.exe] found in cache
2021-05-19 15:47:19;INFO;Deliverable added successfully
2021-05-19 15:48:47;INFO;

2021-05-19 15:48:47;INFO;====== WebDriver manager ======
2021-05-19 15:48:47;INFO;Current google-chrome version is 90.0.4430
2021-05-19 15:48:47;INFO;Get LATEST driver version for 90.0.4430
2021-05-19 15:48:48;INFO;Driver [C:\Users\karti\.wdm\drivers\chromedriver\win32\90.0.4430.24\chromedriver.exe] found in cache
2021-05-19 15:49:30;INFO;Deliverable added successfully
2021-05-19 15:51:24;INFO;

2021-05-19 15:51:24;INFO;====== WebDriver manager ======
2021-05-19 15:51:24;INFO;Current google-chrome version is 90.0.4430
2021-05-19 15:51:24;INFO;Get LATEST driver version for 90.0.4430
2021-05-19 15:51:26;INFO;Driver [C:\Users\karti\.wdm\drivers\chromedriver\win32\90.0.4430.24\chromedriver.exe] found in cache
2021-05-19 15:52:06;INFO;Deliverable added successfully
2021-05-23 11:44:52;INFO;

2021-05-23 11:44:52;INFO;====== WebDriver manager ======
2021-05-23 11:44:52;INFO;Current google-chrome version is 90.0.4430
2021-05-23 11:44:52;INFO;Get LATEST driver version for 90.0.4430
2021-05-23 11:44:53;INFO;Driver [C:\Users\karti\.wdm\drivers\chromedriver\win32\90.0.4430.24\chromedriver.exe] found in cache
2021-05-23 11:46:49;INFO;

2021-05-23 11:46:49;INFO;====== WebDriver manager ======
2021-05-23 11:46:49;INFO;Current google-chrome version is 90.0.4430
2021-05-23 11:46:49;INFO;Get LATEST driver version for 90.0.4430
2021-05-23 11:46:51;INFO;Driver [C:\Users\karti\.wdm\drivers\chromedriver\win32\90.0.4430.24\chromedriver.exe] found in cache
2021-05-23 11:48:46;INFO;

2021-05-23 11:48:46;INFO;====== WebDriver manager ======
2021-05-23 11:48:46;INFO;Current google-chrome version is 90.0.4430
2021-05-23 11:48:46;INFO;Get LATEST driver version for 90.0.4430
2021-05-23 11:48:47;INFO;Driver [C:\Users\karti\.wdm\drivers\chromedriver\win32\90.0.4430.24\chromedriver.exe] found in cache
2021-05-23 11:53:07;INFO;

2021-05-23 11:53:07;INFO;====== WebDriver manager ======
2021-05-23 11:53:07;INFO;Current google-chrome version is 90.0.4430
2021-05-23 11:53:07;INFO;Get LATEST driver version for 90.0.4430
2021-05-23 11:53:09;INFO;Driver [C:\Users\karti\.wdm\drivers\chromedriver\win32\90.0.4430.24\chromedriver.exe] found in cache
2021-05-23 11:55:15;INFO;

2021-05-23 11:55:15;INFO;====== WebDriver manager ======
2021-05-23 11:55:15;INFO;Current google-chrome version is 90.0.4430
2021-05-23 11:55:15;INFO;Get LATEST driver version for 90.0.4430
2021-05-23 11:55:16;INFO;Driver [C:\Users\karti\.wdm\drivers\chromedriver\win32\90.0.4430.24\chromedriver.exe] found in cache
2021-05-23 12:20:26;INFO;

2021-05-23 12:20:26;INFO;====== WebDriver manager ======
2021-05-23 12:20:26;INFO;Current google-chrome version is 90.0.4430
2021-05-23 12:20:26;INFO;Get LATEST driver version for 90.0.4430
2021-05-23 12:20:27;INFO;Driver [C:\Users\karti\.wdm\drivers\chromedriver\win32\90.0.4430.24\chromedriver.exe] found in cache
2021-05-23 12:21:32;INFO;

2021-05-23 12:21:32;INFO;====== WebDriver manager ======
2021-05-23 12:21:32;INFO;Current google-chrome version is 90.0.4430
2021-05-23 12:21:32;INFO;Get LATEST driver version for 90.0.4430
2021-05-23 12:21:34;INFO;Driver [C:\Users\karti\.wdm\drivers\chromedriver\win32\90.0.4430.24\chromedriver.exe] found in cache
2021-05-23 12:21:57;INFO;

2021-05-23 12:21:57;INFO;====== WebDriver manager ======
2021-05-23 12:21:57;INFO;Current google-chrome version is 90.0.4430
2021-05-23 12:21:57;INFO;Get LATEST driver version for 90.0.4430
2021-05-23 12:21:58;INFO;Driver [C:\Users\karti\.wdm\drivers\chromedriver\win32\90.0.4430.24\chromedriver.exe] found in cache
2021-05-23 12:24:43;INFO;

2021-05-23 12:24:43;INFO;====== WebDriver manager ======
2021-05-23 12:24:43;INFO;Current google-chrome version is 90.0.4430
2021-05-23 12:24:43;INFO;Get LATEST driver version for 90.0.4430
2021-05-23 12:24:44;INFO;Driver [C:\Users\karti\.wdm\drivers\chromedriver\win32\90.0.4430.24\chromedriver.exe] found in cache
2021-05-23 12:27:16;INFO;

2021-05-23 12:27:16;INFO;====== WebDriver manager ======
2021-05-23 12:27:16;INFO;Current google-chrome version is 90.0.4430
2021-05-23 12:27:16;INFO;Get LATEST driver version for 90.0.4430
2021-05-23 12:27:18;INFO;Driver [C:\Users\karti\.wdm\drivers\chromedriver\win32\90.0.4430.24\chromedriver.exe] found in cache
2021-05-23 12:31:56;INFO;

2021-05-23 12:31:56;INFO;====== WebDriver manager ======
2021-05-23 12:31:56;INFO;Current google-chrome version is 90.0.4430
2021-05-23 12:31:56;INFO;Get LATEST driver version for 90.0.4430
2021-05-23 12:31:57;INFO;Driver [C:\Users\karti\.wdm\drivers\chromedriver\win32\90.0.4430.24\chromedriver.exe] found in cache
2021-05-23 12:32:31;ERROR;Order not added due to missing data
2021-05-23 12:34:14;INFO;

2021-05-23 12:34:14;INFO;====== WebDriver manager ======
2021-05-23 12:34:14;INFO;Current google-chrome version is 90.0.4430
2021-05-23 12:34:14;INFO;Get LATEST driver version for 90.0.4430
2021-05-23 12:34:16;INFO;Driver [C:\Users\karti\.wdm\drivers\chromedriver\win32\90.0.4430.24\chromedriver.exe] found in cache
2021-05-23 12:35:01;INFO;Order added successfully
2021-05-23 12:36:22;INFO;

2021-05-23 12:36:22;INFO;====== WebDriver manager ======
2021-05-23 12:36:22;INFO;Current google-chrome version is 90.0.4430
2021-05-23 12:36:22;INFO;Get LATEST driver version for 90.0.4430
2021-05-23 12:36:23;INFO;Driver [C:\Users\karti\.wdm\drivers\chromedriver\win32\90.0.4430.24\chromedriver.exe] found in cache
2021-05-23 12:37:23;INFO;

2021-05-23 12:37:23;INFO;====== WebDriver manager ======
2021-05-23 12:37:23;INFO;Current google-chrome version is 90.0.4430
2021-05-23 12:37:23;INFO;Get LATEST driver version for 90.0.4430
2021-05-23 12:37:24;INFO;Driver [C:\Users\karti\.wdm\drivers\chromedriver\win32\90.0.4430.24\chromedriver.exe] found in cache
2021-05-23 12:38:35;INFO;

2021-05-23 12:38:35;INFO;====== WebDriver manager ======
2021-05-23 12:38:35;INFO;Current google-chrome version is 90.0.4430
2021-05-23 12:38:35;INFO;Get LATEST driver version for 90.0.4430
2021-05-23 12:38:36;INFO;Driver [C:\Users\karti\.wdm\drivers\chromedriver\win32\90.0.4430.24\chromedriver.exe] found in cache
2021-05-23 12:39:12;ERROR;Order not added due to missing data
2021-05-23 12:40:56;INFO;

2021-05-23 12:40:56;INFO;====== WebDriver manager ======
2021-05-23 12:40:56;INFO;Current google-chrome version is 90.0.4430
2021-05-23 12:40:56;INFO;Get LATEST driver version for 90.0.4430
2021-05-23 12:40:58;INFO;Driver [C:\Users\karti\.wdm\drivers\chromedriver\win32\90.0.4430.24\chromedriver.exe] found in cache
2021-05-23 12:41:57;ERROR;Order not added due to missing data
2021-05-23 12:42:37;INFO;

2021-05-23 12:42:37;INFO;====== WebDriver manager ======
2021-05-23 12:42:37;INFO;Current google-chrome version is 90.0.4430
2021-05-23 12:42:37;INFO;Get LATEST driver version for 90.0.4430
2021-05-23 12:42:38;INFO;Driver [C:\Users\karti\.wdm\drivers\chromedriver\win32\90.0.4430.24\chromedriver.exe] found in cache
2021-05-23 12:43:33;INFO;Order added successfully
2021-05-24 15:23:20;INFO;

2021-05-24 15:23:20;INFO;====== WebDriver manager ======
2021-05-24 15:23:20;INFO;Current google-chrome version is 90.0.4430
2021-05-24 15:23:20;INFO;Get LATEST driver version for 90.0.4430
2021-05-24 15:23:22;INFO;Get LATEST driver version for 90.0.4430
2021-05-24 15:23:23;INFO;Trying to download new driver from https://chromedriver.storage.googleapis.com/90.0.4430.24/chromedriver_win32.zip
2021-05-24 15:23:28;INFO;Driver has been saved in cache [C:\Users\karti\.wdm\drivers\chromedriver\win32\90.0.4430.24]
2021-05-24 15:23:58;INFO;Company added successfully
2021-05-24 15:24:06;ERROR;Company not added successfully
2021-05-24 15:29:36;INFO;

2021-05-24 15:29:36;INFO;====== WebDriver manager ======
2021-05-24 15:29:36;INFO;Current google-chrome version is 90.0.4430
2021-05-24 15:29:36;INFO;Get LATEST driver version for 90.0.4430
2021-05-24 15:29:38;INFO;Driver [C:\Users\karti\.wdm\drivers\chromedriver\win32\90.0.4430.24\chromedriver.exe] found in cache
2021-05-24 15:31:48;INFO;

2021-05-24 15:31:48;INFO;====== WebDriver manager ======
2021-05-24 15:31:48;INFO;Current google-chrome version is 90.0.4430
2021-05-24 15:31:48;INFO;Get LATEST driver version for 90.0.4430
2021-05-24 15:31:49;INFO;Driver [C:\Users\karti\.wdm\drivers\chromedriver\win32\90.0.4430.24\chromedriver.exe] found in cache
2021-05-24 15:32:21;INFO;Company added successfully
2021-05-24 15:32:31;ERROR;Company not added successfully
2021-05-24 15:57:36;INFO;

2021-05-24 15:57:36;INFO;====== WebDriver manager ======
2021-05-24 15:57:36;INFO;Current google-chrome version is 90.0.4430
2021-05-24 15:57:36;INFO;Get LATEST driver version for 90.0.4430
2021-05-24 15:57:38;INFO;Driver [C:\Users\karti\.wdm\drivers\chromedriver\win32\90.0.4430.24\chromedriver.exe] found in cache
2021-05-24 15:58:21;INFO;Company added successfully
2021-05-24 15:58:21;INFO;

2021-05-24 15:58:21;INFO;====== WebDriver manager ======
2021-05-24 15:58:22;INFO;Current google-chrome version is 90.0.4430
2021-05-24 15:58:22;INFO;Get LATEST driver version for 90.0.4430
2021-05-24 15:58:23;INFO;Driver [C:\Users\karti\.wdm\drivers\chromedriver\win32\90.0.4430.24\chromedriver.exe] found in cache
2021-05-24 16:02:12;INFO;

2021-05-24 16:02:12;INFO;====== WebDriver manager ======
2021-05-24 16:02:12;INFO;Current google-chrome version is 90.0.4430
2021-05-24 16:02:12;INFO;Get LATEST driver version for 90.0.4430
2021-05-24 16:02:13;INFO;Driver [C:\Users\karti\.wdm\drivers\chromedriver\win32\90.0.4430.24\chromedriver.exe] found in cache
2021-05-24 16:02:56;INFO;Company added successfully
2021-05-24 16:02:56;INFO;

2021-05-24 16:02:56;INFO;====== WebDriver manager ======
2021-05-24 16:02:56;INFO;Current google-chrome version is 90.0.4430
2021-05-24 16:02:56;INFO;Get LATEST driver version for 90.0.4430
2021-05-24 16:02:57;INFO;Driver [C:\Users\karti\.wdm\drivers\chromedriver\win32\90.0.4430.24\chromedriver.exe] found in cache
2021-05-24 16:13:34;INFO;

2021-05-24 16:13:34;INFO;====== WebDriver manager ======
2021-05-24 16:13:34;INFO;Current google-chrome version is 90.0.4430
2021-05-24 16:13:34;INFO;Get LATEST driver version for 90.0.4430
2021-05-24 16:13:35;INFO;Driver [C:\Users\karti\.wdm\drivers\chromedriver\win32\90.0.4430.24\chromedriver.exe] found in cache
2021-05-24 16:14:57;INFO;

2021-05-24 16:14:57;INFO;====== WebDriver manager ======
2021-05-24 16:14:57;INFO;Current google-chrome version is 90.0.4430
2021-05-24 16:14:57;INFO;Get LATEST driver version for 90.0.4430
2021-05-24 16:14:58;INFO;Driver [C:\Users\karti\.wdm\drivers\chromedriver\win32\90.0.4430.24\chromedriver.exe] found in cache
2021-05-24 16:16:05;INFO;

2021-05-24 16:16:05;INFO;====== WebDriver manager ======
2021-05-24 16:16:05;INFO;Current google-chrome version is 90.0.4430
2021-05-24 16:16:05;INFO;Get LATEST driver version for 90.0.4430
2021-05-24 16:16:06;INFO;Driver [C:\Users\karti\.wdm\drivers\chromedriver\win32\90.0.4430.24\chromedriver.exe] found in cache
2021-05-24 16:23:54;INFO;

2021-05-24 16:23:54;INFO;====== WebDriver manager ======
2021-05-24 16:23:54;INFO;Current google-chrome version is 90.0.4430
2021-05-24 16:23:54;INFO;Get LATEST driver version for 90.0.4430
2021-05-24 16:23:56;INFO;Driver [C:\Users\karti\.wdm\drivers\chromedriver\win32\90.0.4430.24\chromedriver.exe] found in cache
2021-05-24 16:24:53;INFO;

2021-05-24 16:24:53;INFO;====== WebDriver manager ======
2021-05-24 16:24:53;INFO;Current google-chrome version is 90.0.4430
2021-05-24 16:24:53;INFO;Get LATEST driver version for 90.0.4430
2021-05-24 16:24:54;INFO;Driver [C:\Users\karti\.wdm\drivers\chromedriver\win32\90.0.4430.24\chromedriver.exe] found in cache
2021-05-24 16:26:32;INFO;

2021-05-24 16:26:32;INFO;====== WebDriver manager ======
2021-05-24 16:26:32;INFO;Current google-chrome version is 90.0.4430
2021-05-24 16:26:32;INFO;Get LATEST driver version for 90.0.4430
2021-05-24 16:26:33;INFO;Driver [C:\Users\karti\.wdm\drivers\chromedriver\win32\90.0.4430.24\chromedriver.exe] found in cache
2021-05-24 16:48:26;INFO;

2021-05-24 16:48:26;INFO;====== WebDriver manager ======
2021-05-24 16:48:26;INFO;Current google-chrome version is 90.0.4430
2021-05-24 16:48:26;INFO;Get LATEST driver version for 90.0.4430
2021-05-24 16:48:28;INFO;Driver [C:\Users\karti\.wdm\drivers\chromedriver\win32\90.0.4430.24\chromedriver.exe] found in cache
2021-05-24 16:54:33;INFO;

2021-05-24 16:54:33;INFO;====== WebDriver manager ======
2021-05-24 16:54:33;INFO;Current google-chrome version is 90.0.4430
2021-05-24 16:54:33;INFO;Get LATEST driver version for 90.0.4430
2021-05-24 16:54:35;INFO;Driver [C:\Users\karti\.wdm\drivers\chromedriver\win32\90.0.4430.24\chromedriver.exe] found in cache
2021-05-24 16:55:05;ERROR;Contact inside company not added due to missing data
2021-05-24 16:56:19;INFO;

2021-05-24 16:56:19;INFO;====== WebDriver manager ======
2021-05-24 16:56:19;INFO;Current google-chrome version is 90.0.4430
2021-05-24 16:56:19;INFO;Get LATEST driver version for 90.0.4430
2021-05-24 16:56:20;INFO;Driver [C:\Users\karti\.wdm\drivers\chromedriver\win32\90.0.4430.24\chromedriver.exe] found in cache
2021-05-24 16:56:54;ERROR;Contact not added successfully
2021-05-24 16:58:53;INFO;

2021-05-24 16:58:53;INFO;====== WebDriver manager ======
2021-05-24 16:58:53;INFO;Current google-chrome version is 90.0.4430
2021-05-24 16:58:53;INFO;Get LATEST driver version for 90.0.4430
2021-05-24 16:58:54;INFO;Driver [C:\Users\karti\.wdm\drivers\chromedriver\win32\90.0.4430.24\chromedriver.exe] found in cache
2021-05-24 16:59:29;INFO;Contact added successfully
2021-05-24 17:03:32;INFO;

2021-05-24 17:03:32;INFO;====== WebDriver manager ======
2021-05-24 17:03:32;INFO;Current google-chrome version is 90.0.4430
2021-05-24 17:03:32;INFO;Get LATEST driver version for 90.0.4430
2021-05-24 17:03:33;INFO;Driver [C:\Users\karti\.wdm\drivers\chromedriver\win32\90.0.4430.24\chromedriver.exe] found in cache
2021-05-24 17:04:17;INFO;Contact added successfully
2021-05-24 17:05:34;INFO;

2021-05-24 17:05:34;INFO;====== WebDriver manager ======
2021-05-24 17:05:34;INFO;Current google-chrome version is 90.0.4430
2021-05-24 17:05:34;INFO;Get LATEST driver version for 90.0.4430
2021-05-24 17:05:36;INFO;Driver [C:\Users\karti\.wdm\drivers\chromedriver\win32\90.0.4430.24\chromedriver.exe] found in cache
2021-05-24 17:06:12;INFO;Contact added successfully
2021-05-24 17:06:22;ERROR;Contact not added successfully
2021-05-24 17:06:32;ERROR;Contact not added successfully
2021-05-24 17:10:26;INFO;

2021-05-24 17:10:26;INFO;====== WebDriver manager ======
2021-05-24 17:10:27;INFO;Current google-chrome version is 90.0.4430
2021-05-24 17:10:27;INFO;Get LATEST driver version for 90.0.4430
2021-05-24 17:10:28;INFO;Driver [C:\Users\karti\.wdm\drivers\chromedriver\win32\90.0.4430.24\chromedriver.exe] found in cache
2021-05-24 17:11:28;INFO;

2021-05-24 17:11:28;INFO;====== WebDriver manager ======
2021-05-24 17:11:28;INFO;Current google-chrome version is 90.0.4430
2021-05-24 17:11:28;INFO;Get LATEST driver version for 90.0.4430
2021-05-24 17:11:29;INFO;Driver [C:\Users\karti\.wdm\drivers\chromedriver\win32\90.0.4430.24\chromedriver.exe] found in cache
2021-05-24 17:12:03;INFO;Contact added successfully
2021-05-24 17:12:13;INFO;Contact added successfully
2021-05-24 17:12:23;INFO;Contact added successfully
2021-05-30 10:53:11;INFO;

2021-05-30 10:53:11;INFO;====== WebDriver manager ======
2021-05-30 10:53:11;INFO;Current google-chrome version is 90.0.4430
2021-05-30 10:53:11;INFO;Get LATEST driver version for 90.0.4430
2021-05-30 10:53:14;INFO;Get LATEST driver version for 90.0.4430
2021-05-30 10:53:15;INFO;Trying to download new driver from https://chromedriver.storage.googleapis.com/90.0.4430.24/chromedriver_win32.zip
2021-05-30 10:53:19;INFO;Driver has been saved in cache [C:\Users\karti\.wdm\drivers\chromedriver\win32\90.0.4430.24]
2021-05-30 10:53:55;INFO;Contact added successfully
2021-05-30 10:53:55;INFO;Contact added successfully
2021-05-30 10:54:03;INFO;Contact added successfully
2021-05-30 10:54:03;INFO;Contact added successfully
2021-05-30 10:54:10;INFO;Contact added successfully
2021-05-30 10:54:10;INFO;Contact added successfully
2021-05-30 10:54:10;INFO;

2021-05-30 10:54:10;INFO;

2021-05-30 10:54:10;INFO;====== WebDriver manager ======
2021-05-30 10:54:10;INFO;====== WebDriver manager ======
2021-05-30 10:54:11;INFO;Current google-chrome version is 90.0.4430
2021-05-30 10:54:11;INFO;Current google-chrome version is 90.0.4430
2021-05-30 10:54:11;INFO;Get LATEST driver version for 90.0.4430
2021-05-30 10:54:11;INFO;Get LATEST driver version for 90.0.4430
2021-05-30 10:54:12;INFO;Driver [C:\Users\karti\.wdm\drivers\chromedriver\win32\90.0.4430.24\chromedriver.exe] found in cache
2021-05-30 10:54:12;INFO;Driver [C:\Users\karti\.wdm\drivers\chromedriver\win32\90.0.4430.24\chromedriver.exe] found in cache
2021-05-30 10:58:08;INFO;

2021-05-30 10:58:08;INFO;====== WebDriver manager ======
2021-05-30 10:58:08;INFO;Current google-chrome version is 90.0.4430
2021-05-30 10:58:08;INFO;Get LATEST driver version for 90.0.4430
2021-05-30 10:58:09;INFO;Driver [C:\Users\karti\.wdm\drivers\chromedriver\win32\90.0.4430.24\chromedriver.exe] found in cache
2021-05-30 10:58:39;INFO;Company added successfully
2021-05-30 10:58:39;INFO;

2021-05-30 10:58:39;INFO;====== WebDriver manager ======
2021-05-30 10:58:39;INFO;Current google-chrome version is 90.0.4430
2021-05-30 10:58:39;INFO;Get LATEST driver version for 90.0.4430
2021-05-30 10:58:41;INFO;Driver [C:\Users\karti\.wdm\drivers\chromedriver\win32\90.0.4430.24\chromedriver.exe] found in cache
2021-05-30 10:59:15;INFO;Contact added successfully
2021-05-30 11:01:25;INFO;

2021-05-30 11:01:25;INFO;====== WebDriver manager ======
2021-05-30 11:01:25;INFO;Current google-chrome version is 90.0.4430
2021-05-30 11:01:25;INFO;Get LATEST driver version for 90.0.4430
2021-05-30 11:01:27;INFO;Driver [C:\Users\karti\.wdm\drivers\chromedriver\win32\90.0.4430.24\chromedriver.exe] found in cache
2021-05-30 11:02:07;INFO;Project added successfully
2021-05-30 11:02:53;INFO;

2021-05-30 11:02:53;INFO;====== WebDriver manager ======
2021-05-30 11:02:53;INFO;Current google-chrome version is 90.0.4430
2021-05-30 11:02:53;INFO;Get LATEST driver version for 90.0.4430
2021-05-30 11:02:54;INFO;Driver [C:\Users\karti\.wdm\drivers\chromedriver\win32\90.0.4430.24\chromedriver.exe] found in cache
2021-05-30 11:03:34;INFO;Order added successfully
2021-05-30 11:04:36;INFO;

2021-05-30 11:04:36;INFO;====== WebDriver manager ======
2021-05-30 11:04:36;INFO;Current google-chrome version is 90.0.4430
2021-05-30 11:04:36;INFO;Get LATEST driver version for 90.0.4430
2021-05-30 11:04:56;INFO;

2021-05-30 11:04:56;INFO;====== WebDriver manager ======
2021-05-30 11:04:56;INFO;Current google-chrome version is 90.0.4430
2021-05-30 11:04:56;INFO;Get LATEST driver version for 90.0.4430
2021-05-30 11:04:58;INFO;Driver [C:\Users\karti\.wdm\drivers\chromedriver\win32\90.0.4430.24\chromedriver.exe] found in cache
2021-05-30 11:05:37;ERROR;Deliverable not added due to missing data
2021-05-30 11:08:57;INFO;

2021-05-30 11:08:57;INFO;====== WebDriver manager ======
2021-05-30 11:08:57;INFO;Current google-chrome version is 90.0.4430
2021-05-30 11:08:57;INFO;Get LATEST driver version for 90.0.4430
2021-05-30 11:08:58;INFO;Driver [C:\Users\karti\.wdm\drivers\chromedriver\win32\90.0.4430.24\chromedriver.exe] found in cache
2021-05-30 11:09:36;INFO;Order added successfully
2021-05-30 11:11:00;INFO;

2021-05-30 11:11:00;INFO;====== WebDriver manager ======
2021-05-30 11:11:00;INFO;Current google-chrome version is 90.0.4430
2021-05-30 11:11:00;INFO;Get LATEST driver version for 90.0.4430
2021-05-30 11:11:02;INFO;Driver [C:\Users\karti\.wdm\drivers\chromedriver\win32\90.0.4430.24\chromedriver.exe] found in cache
2021-05-30 11:11:52;INFO;Line item added successfully
2021-05-30 11:58:34;INFO;

2021-05-30 11:58:34;INFO;====== WebDriver manager ======
2021-05-30 11:58:34;INFO;Current google-chrome version is 90.0.4430
2021-05-30 11:58:34;INFO;Get LATEST driver version for 90.0.4430
2021-05-30 12:02:25;INFO;

2021-05-30 12:02:25;INFO;====== WebDriver manager ======
2021-05-30 12:02:25;INFO;Current google-chrome version is 90.0.4430
2021-05-30 12:02:25;INFO;Get LATEST driver version for 90.0.4430
2021-05-30 12:02:27;INFO;Driver [C:\Users\karti\.wdm\drivers\chromedriver\win32\90.0.4430.24\chromedriver.exe] found in cache
